OS: Ubuntu 21.04
OS architecture: 64-bit
Pi-Apps local commit ID: 14897c652e190919fbd48a62ef8b06cd03e24262
Kernel: x86_64 5.11.0-31-generic
Device model: 
Language: en_US.UTF-8

BEGINNING OF LOG FILE:
-----------------------

Uninstalling Ulauncher...

WARNING: apt does not have a stable CLI interface. Use with caution in scripts.

Reading package lists...
Building dependency tree...
Reading state information...
The following packages were automatically installed and are no longer required:
  glade2script glade2script-python3 kodi-inputstream-adaptive
  kodi-peripheral-joystick libboost-python1.74.0 libcec6 libcrossguid0 libfmt7
  libfstrcmp0 libiso9660-11 libjs-modernizr libmicrohttpd12 libp8-platform2
  libqt5designer5 libqt5help5 libqt5location5 libqt5multimediawidgets5
  libqt5positioningquick5 libqt5sensors5 libqt5test5 libqt5webkit5
  libqt5websockets5 libqt5xmlpatterns5 libshairplay0 libtinyxml2.6.2v5
  libwayland-client++0 libwayland-cursor++0 libwayland-egl++0
  libwine-development libz-mingw-w64 node-html5shiv pastebinit python3-bluez
  python3-bs4 python3-evdev python3-gattlib python3-html5lib python3-lxml
  python3-magic python3-mock python3-pbr python3-pycryptodome
  python3-pyinotify python3-pyqt5 python3-pyqt5.qtmultimedia
  python3-pyqt5.qtopengl python3-pyqt5.qtpositioning python3-pyqt5.qtquick
  python3-pyqt5.qtsql python3-pyqt5.qtsvg python3-pyqt5.qtwebchannel
  python3-pyqt5.qtwebkit python3-pyqt5.qtwebsockets
  python3-pyqt5.qtxmlpatterns python3-pyqt5.sip python3-qtpy python3-soupsieve
  python3-webencodings syslinux-common xxdiff
Use 'sudo apt autoremove' to remove them.
The following packages will be REMOVED:
  ulauncher*
0 upgraded, 0 newly installed, 1 to remove and 0 not upgraded.
After this operation, 6,265 kB disk space will be freed.
(Reading database ... 
(Reading database ... 5%
(Reading database ... 10%
(Reading database ... 15%
(Reading database ... 20%
(Reading database ... 25%
(Reading database ... 30%
(Reading database ... 35%
(Reading database ... 40%
(Reading database ... 45%
(Reading database ... 50%
(Reading database ... 55%
(Reading database ... 60%
(Reading database ... 65%
(Reading database ... 70%
(Reading database ... 75%
(Reading database ... 80%
(Reading database ... 85%
(Reading database ... 90%
(Reading database ... 95%
(Reading database ... 100%
(Reading database ... 374190 files and directories currently installed.)

Removing ulauncher (5.12.0) ...

Processing triggers for desktop-file-utils (0.26-1ubuntu1) ...

Processing triggers for hicolor-icon-theme (0.17-2) ...

Processing triggers for gnome-menus (3.36.0-1ubuntu1) ...

Processing triggers for gnome-icon-theme (3.12.0-3) ...

Processing triggers for mailcap (3.68ubuntu1) ...

Processing triggers for bamfdaemon (0.5.5+21.04.20210119-0ubuntu1) ...

Rebuilding /usr/share/applications/bamf-2.index...

(Reading database ... 
(Reading database ... 5%
(Reading database ... 10%
(Reading database ... 15%
(Reading database ... 20%
(Reading database ... 25%
(Reading database ... 30%
(Reading database ... 35%
(Reading database ... 40%
(Reading database ... 45%
(Reading database ... 50%
(Reading database ... 55%
(Reading database ... 60%
(Reading database ... 65%
(Reading database ... 70%
(Reading database ... 75%
(Reading database ... 80%
(Reading database ... 85%
(Reading database ... 90%
(Reading database ... 95%
(Reading database ... 100%
(Reading database ... 373879 files and directories currently installed.)

Purging configuration files for ulauncher (5.12.0) ...


Running purge-installed...
Waiting until APT locks are released... Done

Removing dummy deb for Ulauncher...

WARNING: apt does not have a stable CLI interface. Use with caution in scripts.

Reading package lists...
Building dependency tree...
Reading state information...
The following packages will be REMOVED:
  glade2script* glade2script-python3* kodi-inputstream-adaptive*
  kodi-peripheral-joystick* libboost-python1.74.0* libcec6* libcrossguid0*
  libfmt7* libfstrcmp0* libiso9660-11* libjs-modernizr* libmicrohttpd12*
  libp8-platform2* libqt5designer5* libqt5help5* libqt5location5*
  libqt5multimediawidgets5* libqt5positioningquick5* libqt5sensors5*
  libqt5test5* libqt5webkit5* libqt5websockets5* libqt5xmlpatterns5*
  libshairplay0* libtinyxml2.6.2v5* libwayland-client++0*
  libwayland-cursor++0* libwayland-egl++0* libwine-development*
  libz-mingw-w64* node-html5shiv* pastebinit* pi-apps-d2a46a1b* python3-bluez*
  python3-bs4* python3-distutils-extra* python3-evdev* python3-gattlib*
  python3-html5lib* python3-levenshtein* python3-lxml* python3-magic*
  python3-mock* python3-pbr* python3-pycryptodome* python3-pyinotify*
  python3-pyqt5* python3-pyqt5.qtmultimedia* python3-pyqt5.qtopengl*
  python3-pyqt5.qtpositioning* python3-pyqt5.qtquick* python3-pyqt5.qtsql*
  python3-pyqt5.qtsvg* python3-pyqt5.qtwebchannel* python3-pyqt5.qtwebkit*
  python3-pyqt5.qtwebsockets* python3-pyqt5.qtxmlpatterns* python3-pyqt5.sip*
  python3-qtpy* python3-soupsieve* python3-webencodings* syslinux-common*
  xxdiff*
0 upgraded, 0 newly installed, 63 to remove and 0 not upgraded.
After this operation, 595 MB disk space will be freed.
(Reading database ... 
(Reading database ... 5%
(Reading database ... 10%
(Reading database ... 15%
(Reading database ... 20%
(Reading database ... 25%
(Reading database ... 30%
(Reading database ... 35%
(Reading database ... 40%
(Reading database ... 45%
(Reading database ... 50%
(Reading database ... 55%
(Reading database ... 60%
(Reading database ... 65%
(Reading database ... 70%
(Reading database ... 75%
(Reading database ... 80%
(Reading database ... 85%
(Reading database ... 90%
(Reading database ... 95%
(Reading database ... 100%
(Reading database ... 373879 files and directories currently installed.)

Removing glade2script (3.2.4~ppa23) ...

Removing glade2script-python3 (3.2.4~ppa23) ...

Removing kodi-inputstream-adaptive (2.6.16-1~hirsute) ...

Removing kodi-peripheral-joystick (1.7.2-1~hirsute) ...

Removing python3-bluez (0.23-3build1) ...

Removing python3-gattlib (0~20201113-1) ...

Removing libboost-python1.74.0 (1.74.0-8ubuntu2) ...

Removing libcec6:amd64 (6.0.2-1ubuntu1) ...

Removing libcrossguid0:amd64 (0.0+git200150803-4build1) ...

Removing libfmt7:amd64 (7.1.3+ds1-5) ...

Removing libfstrcmp0 (0.7.D001-1.2) ...

Removing libiso9660-11:amd64 (2.1.0-2) ...

Removing libjs-modernizr (2.6.2+ds1-4) ...

Removing libmicrohttpd12:amd64 (0.9.72-2) ...

Removing libp8-platform2:amd64 (2.1.0.1+dfsg1-3build1) ...

Removing python3-qtpy (1.9.0-3) ...

Removing python3-pyqt5.qtxmlpatterns (5.15.4+dfsg-1) ...

Removing python3-pyqt5.qtpositioning (5.15.4+dfsg-1) ...

Removing libqt5location5:amd64 (5.15.2+dfsg-2) ...

Removing python3-pyqt5.qtmultimedia (5.15.4+dfsg-1) ...

Removing libqt5multimediawidgets5:amd64 (5.15.2-3) ...

Removing libqt5positioningquick5:amd64 (5.15.2+dfsg-2) ...

Removing python3-pyqt5.qtwebkit (5.15.4+dfsg-1) ...

Removing libqt5webkit5:amd64 (5.212.0~alpha4-12) ...

Removing libqt5sensors5:amd64 (5.15.2-2) ...

Removing python3-pyqt5.qtwebsockets (5.15.4+dfsg-1) ...

Removing libqt5websockets5:amd64 (5.15.2-2) ...

Removing libqt5xmlpatterns5:amd64 (5.15.2-3) ...

Removing libshairplay0:amd64 (0.9.0~git20180824.096b61a+dfsg1-2) ...

Removing libtinyxml2.6.2v5:amd64 (2.6.2-4build1) ...

Removing libwayland-client++0:amd64 (0.2.8-1) ...

Removing libwayland-cursor++0:amd64 (0.2.8-1) ...

Removing libwayland-egl++0:amd64 (0.2.8-1) ...

Removing libwine-development:amd64 (5.6-2) ...

Removing libz-mingw-w64 (1.2.11+dfsg-2) ...

Removing node-html5shiv (3.7.3+dfsg-3) ...

Removing pastebinit (1.5.1-1) ...

Removing pi-apps-d2a46a1b (1.0) ...

Removing python3-bs4 (4.9.3-1) ...

Removing python3-distutils-extra (2.45) ...

Removing python3-evdev (1.4.0+dfsg-1) ...

Removing python3-html5lib (1.1-3) ...

Removing python3-levenshtein (0.12.2-1build1) ...

Removing python3-lxml:amd64 (4.6.3-1) ...

Removing python3-magic (2:0.4.20-3) ...

Removing python3-mock (4.0.3-1) ...

Removing python3-pbr (5.5.1-0ubuntu1) ...

Removing python3-pycryptodome (3.9.7+dfsg1-1build3) ...

Removing python3-pyinotify (0.9.6-1.3) ...

Removing python3-pyqt5.qtopengl (5.15.4+dfsg-1) ...

Removing python3-pyqt5.qtquick (5.15.4+dfsg-1) ...

Removing python3-pyqt5.qtsql (5.15.4+dfsg-1) ...

Removing python3-pyqt5.qtsvg (5.15.4+dfsg-1) ...

Removing python3-pyqt5.qtwebchannel (5.15.4+dfsg-1) ...

Removing python3-soupsieve (2.2-1) ...

Removing python3-webencodings (0.5.1-2) ...

Removing syslinux-common (3:6.04~git20190206.bf6db5b4+dfsg1-3) ...

Removing xxdiff (1:5.0~b1+git20200622+dfsg-2.1) ...

Removing python3-pyqt5 (5.15.4+dfsg-1) ...

Removing libqt5designer5:amd64 (5.15.2-5) ...

Removing libqt5help5:amd64 (5.15.2-5) ...

Removing libqt5test5:amd64 (5.15.2+dfsg-5ubuntu1) ...

Removing python3-pyqt5.sip (12.8.1-1build1) ...

Processing triggers for man-db (2.9.4-2) ...

Processing triggers for libc-bin (2.33-0ubuntu5) ...

(Reading database ... 
(Reading database ... 5%
(Reading database ... 10%
(Reading database ... 15%
(Reading database ... 20%
(Reading database ... 25%
(Reading database ... 30%
(Reading database ... 35%
(Reading database ... 40%
(Reading database ... 45%
(Reading database ... 50%
(Reading database ... 55%
(Reading database ... 60%
(Reading database ... 65%
(Reading database ... 70%
(Reading database ... 75%
(Reading database ... 80%
(Reading database ... 85%
(Reading database ... 90%
(Reading database ... 95%
(Reading database ... 100%
(Reading database ... 370671 files and directories currently installed.)

Purging configuration files for glade2script-python3 (3.2.4~ppa23) ...

Purging configuration files for python3-pbr (5.5.1-0ubuntu1) ...

All packages have been purged succesfully.

Uninstalled Ulauncher successfully.
